\BOOKMARK [1][-]{figure.caption.1}{\376\377\144\130\211\201}{}% 1
\BOOKMARK [1][-]{figure.caption.1}{\376\377\000A\000b\000s\000t\000r\000a\000c\000t}{}% 2
\BOOKMARK [1][-]{section*.2}{\376\377\166\356\137\125}{}% 3
\BOOKMARK [1][-]{section.1}{\376\377\000M\000E\000M\000S\000\040\000C\000A\000D\166\204\142\200\147\057\200\314\146\157}{}% 4
\BOOKMARK [2][-]{subsection.1.1}{\376\377\000M\000E\000M\000S\151\202\217\360}{section.1}% 5
\BOOKMARK [2][-]{subsection.1.2}{\376\377\000M\000E\000M\000S\000\040\000C\000A\000D}{section.1}% 6
\BOOKMARK [2][-]{subsection.1.3}{\376\377\170\024\172\166\000M\000E\000M\000S\000\040\000C\000A\000D\166\204\141\017\116\111}{section.1}% 7
\BOOKMARK [1][-]{section.2}{\376\377\126\375\121\205\131\026\170\024\172\166\163\260\162\266}{}% 8
\BOOKMARK [2][-]{subsection.2.1}{\376\377\135\345\202\172\176\247}{section.2}% 9
\BOOKMARK [2][-]{subsection.2.2}{\376\377\162\151\164\006\176\247}{section.2}% 10
\BOOKMARK [2][-]{subsection.2.3}{\376\377\126\150\116\366\176\247}{section.2}% 11
\BOOKMARK [2][-]{subsection.2.4}{\376\377\174\373\176\337\176\247}{section.2}% 12
\BOOKMARK [1][-]{section.3}{\376\377\121\163\225\056\171\321\133\146\142\200\147\057\225\356\230\230}{}% 13
\BOOKMARK [2][-]{subsection.3.1}{\376\377\213\276\213\241\116\055\227\000\211\201\200\003\206\121\127\050\137\256\134\017\134\072\136\246\116\013\122\233\166\204\117\134\165\050}{section.3}% 14
\BOOKMARK [2][-]{subsection.3.2}{\376\377\122\240\135\345\145\271\154\325\145\071\123\330\133\371\213\276\213\241\116\247\165\037\137\161\124\315}{section.3}% 15
\BOOKMARK [2][-]{subsection.3.3}{\376\377\147\120\145\231\140\047\215\050\166\204\123\330\123\026}{section.3}% 16
\BOOKMARK [2][-]{subsection.3.4}{\376\377\122\240\135\345\174\276\136\246\123\312\150\300\155\113}{section.3}% 17
\BOOKMARK [2][-]{subsection.3.5}{\376\377\116\016\137\256\165\065\133\120\174\373\176\337\200\046\124\010\175\047\133\306}{section.3}% 18
\BOOKMARK [2][-]{subsection.3.6}{\376\377\155\211\123\312\131\032\133\146\171\321\166\204\213\276\213\241\167\345\213\306}{section.3}% 19
\BOOKMARK [1][-]{section.4}{\376\377\133\130\127\050\166\204\225\356\230\230\116\016\123\321\134\125\215\213\122\277}{}% 20
\BOOKMARK [2][-]{subsection.4.1}{\376\377\232\330\136\246\226\306\142\020\123\026}{section.4}% 21
\BOOKMARK [2][-]{subsection.4.2}{\376\377\215\350\136\163\123\360\200\375\122\233}{section.4}% 22
\BOOKMARK [2][-]{subsection.4.3}{\376\377\232\330\215\050\221\317\124\214\232\330\140\047\200\375}{section.4}% 23
\BOOKMARK [2][-]{subsection.4.4}{\376\377\121\372\202\162\166\204\177\026\172\013\162\171\140\047}{section.4}% 24
\BOOKMARK [2][-]{subsection.4.5}{\376\377\135\345\202\172\213\276\213\241\200\375\122\233}{section.4}% 25
\BOOKMARK [1][-]{section*.8}{\376\377\123\302\200\003\145\207\163\056}{}% 26
